<?xml version="1.0" encoding="utf-8"?><testsuites name="pytest tests"><testsuite name="pytest" errors="0" failures="0" skipped="0" tests="7" time="9.728" timestamp="2026-06-13T19:20:42.883490+00:00" hostname="agent-env-809aa23e-303c-4fb9-ad9b-27215acd2c9d"><testcase classname="backend.tests.backend_test" name="test_health" time="0.342" /><testcase classname="backend.tests.backend_test" name="test_chat_single_message" time="3.980" /><testcase classname="backend.tests.backend_test" name="test_chat_multi_turn_context" time="4.884" /><testcase classname="backend.tests.backend_test" name="test_create_lead_and_persistence" time="0.158" /><testcase classname="backend.tests.backend_test" name="test_contact_form" time="0.054" /><testcase classname="backend.tests.backend_test" name="test_lead_invalid_email" time="0.046" /><testcase classname="backend.tests.backend_test" name="test_chat_missing_message" time="0.045" /></testsuite></testsuites>